app/build/intermediates/manifest_merge_blame_file/release/manifest-merger-blame-release-report.txt
1<?xml version="1.0" encoding="utf-8"?>
2<manifest xmlns:android="http://schemas.android.com/apk/res/android"
3    package="com.apple.ippb"
4    android:versionCode="1"
5    android:versionName="1.0" >
6
7    <uses-sdk
8        android:minSdkVersion="21"
8-->src/main/AndroidManifest.xml
9        android:targetSdkVersion="30" />
9-->src/main/AndroidManifest.xml
10
11    <uses-permission android:name="android.permission.CAMERA" />
11-->src/main/AndroidManifest.xml:5:5-65
11-->src/main/AndroidManifest.xml:5:22-62
12    <uses-permission android:name="android.permission.INTERNET" />
12-->src/main/AndroidManifest.xml:6:5-67
12-->src/main/AndroidManifest.xml:6:22-64
13    <uses-permission android:name="android.hardware.camera.autofocus" />
13-->src/main/AndroidManifest.xml:7:5-73
13-->src/main/AndroidManifest.xml:7:22-70
14
15    <!-- Although the *SdkVersion is captured in gradle build files, this is required for non gradle builds -->
16    <!-- <uses-sdk android:minSdkVersion="14"/> -->
17    <uses-permission android:name="android.permission.ACCESS_NETWORK_STATE" />
17-->[com.google.firebase:firebase-database:19.3.1] AndroidManifest.xml:25:5-79
17-->[com.google.firebase:firebase-database:19.3.1] AndroidManifest.xml:25:22-76
18
19    <application
19-->src/main/AndroidManifest.xml:9:5-38:19
20        android:allowBackup="true"
20-->src/main/AndroidManifest.xml:10:9-35
21        android:appComponentFactory="androidx.core.app.CoreComponentFactory"
21-->[androidx.core:core:1.1.0] AndroidManifest.xml:24:18-86
22        android:icon="@mipmap/ic_launcher"
22-->src/main/AndroidManifest.xml:11:9-43
23        android:label="@string/app_name"
23-->src/main/AndroidManifest.xml:12:9-41
24        android:roundIcon="@mipmap/ic_launcher_round"
24-->src/main/AndroidManifest.xml:13:9-54
25        android:supportsRtl="true"
25-->src/main/AndroidManifest.xml:14:9-35
26        android:theme="@style/AppTheme" >
26-->src/main/AndroidManifest.xml:15:9-40
27        <activity android:name="com.apple.ippb.AddRecords" />
27-->src/main/AndroidManifest.xml:16:9-57
27-->src/main/AndroidManifest.xml:16:19-45
28        <activity android:name="com.apple.ippb.Splash" >
28-->src/main/AndroidManifest.xml:17:9-23:20
28-->src/main/AndroidManifest.xml:17:19-41
29            <intent-filter>
29-->src/main/AndroidManifest.xml:18:13-22:29
30                <action android:name="android.intent.action.MAIN" />
30-->src/main/AndroidManifest.xml:19:17-69
30-->src/main/AndroidManifest.xml:19:25-66
31
32                <category android:name="android.intent.category.LAUNCHER" />
32-->src/main/AndroidManifest.xml:21:17-77
32-->src/main/AndroidManifest.xml:21:27-74
33            </intent-filter>
34        </activity>
35        <activity android:name="com.apple.ippb.Biometrics_replace" />
35-->src/main/AndroidManifest.xml:24:9-56
35-->src/main/AndroidManifest.xml:24:19-53
36        <activity android:name="com.apple.ippb.Sim_replace" />
36-->src/main/AndroidManifest.xml:25:9-49
36-->src/main/AndroidManifest.xml:25:19-46
37        <activity android:name="com.apple.ippb.Mobile_Replace" />
37-->src/main/AndroidManifest.xml:26:9-52
37-->src/main/AndroidManifest.xml:26:19-49
38        <activity android:name="com.apple.ippb.Replace_device" />
38-->src/main/AndroidManifest.xml:27:9-52
38-->src/main/AndroidManifest.xml:27:19-49
39        <activity android:name="com.apple.ippb.Isue_dev" />
39-->src/main/AndroidManifest.xml:28:9-46
39-->src/main/AndroidManifest.xml:28:19-43
40        <activity android:name="com.apple.ippb.HomeP" />
40-->src/main/AndroidManifest.xml:29:9-43
40-->src/main/AndroidManifest.xml:29:19-40
41        <activity android:name="com.apple.ippb.MainActivity" />
41-->src/main/AndroidManifest.xml:30:9-50
41-->src/main/AndroidManifest.xml:30:19-47
42
43        <meta-data
43-->src/main/AndroidManifest.xml:32:9-34:57
44            android:name="preloaded_fonts"
44-->src/main/AndroidManifest.xml:33:13-43
45            android:resource="@array/preloaded_fonts" />
45-->src/main/AndroidManifest.xml:34:13-54
46        <meta-data
46-->src/main/AndroidManifest.xml:35:9-37:39
47            android:name="com.google.android.gms.vision.DEPENDENCIES"
47-->src/main/AndroidManifest.xml:36:13-70
48            android:value="barcode" />
48-->src/main/AndroidManifest.xml:37:13-36
49
50        <service
50-->[com.google.firebase:firebase-database:19.3.1] AndroidManifest.xml:29:9-35:19
51            android:name="com.google.firebase.components.ComponentDiscoveryService"
51-->[com.google.firebase:firebase-database:19.3.1] AndroidManifest.xml:30:13-84
52            android:directBootAware="true"
52-->[com.google.firebase:firebase-common:19.3.0] AndroidManifest.xml:34:13-43
53            android:exported="false" >
53-->[com.google.firebase:firebase-database:19.3.1] AndroidManifest.xml:31:13-37
54            <meta-data
54-->[com.google.firebase:firebase-database:19.3.1] AndroidManifest.xml:32:13-34:85
55                android:name="com.google.firebase.components:com.google.firebase.database.DatabaseRegistrar"
55-->[com.google.firebase:firebase-database:19.3.1] AndroidManifest.xml:33:17-109
56                android:value="com.google.firebase.components.ComponentRegistrar" />
56-->[com.google.firebase:firebase-database:19.3.1] AndroidManifest.xml:34:17-82
57        </service>
58
59        <activity
59-->[com.google.android.gms:play-services-base:17.0.0] AndroidManifest.xml:23:9-26:75
60            android:name="com.google.android.gms.common.api.GoogleApiActivity"
60-->[com.google.android.gms:play-services-base:17.0.0] AndroidManifest.xml:24:13-79
61            android:exported="false"
61-->[com.google.android.gms:play-services-base:17.0.0] AndroidManifest.xml:25:13-37
62            android:theme="@android:style/Theme.Translucent.NoTitleBar" />
62-->[com.google.android.gms:play-services-base:17.0.0] AndroidManifest.xml:26:13-72
63
64        <provider
64-->[com.google.firebase:firebase-common:19.3.0] AndroidManifest.xml:26:9-30:39
65            android:name="com.google.firebase.provider.FirebaseInitProvider"
65-->[com.google.firebase:firebase-common:19.3.0] AndroidManifest.xml:27:13-77
66            android:authorities="com.apple.ippb.firebaseinitprovider"
66-->[com.google.firebase:firebase-common:19.3.0] AndroidManifest.xml:28:13-72
67            android:exported="false"
67-->[com.google.firebase:firebase-common:19.3.0] AndroidManifest.xml:29:13-37
68            android:initOrder="100" />
68-->[com.google.firebase:firebase-common:19.3.0] AndroidManifest.xml:30:13-36
69
70        <meta-data
70-->[com.google.android.gms:play-services-basement:17.0.0] AndroidManifest.xml:23:9-25:69
71            android:name="com.google.android.gms.version"
71-->[com.google.android.gms:play-services-basement:17.0.0] AndroidManifest.xml:24:13-58
72            android:value="@integer/google_play_services_version" />
72-->[com.google.android.gms:play-services-basement:17.0.0] AndroidManifest.xml:25:13-66
73
74        <provider
74-->[androidx.lifecycle:lifecycle-process:2.2.0] AndroidManifest.xml:25:9-29:43
75            android:name="androidx.lifecycle.ProcessLifecycleOwnerInitializer"
75-->[androidx.lifecycle:lifecycle-process:2.2.0] AndroidManifest.xml:26:13-79
76            android:authorities="com.apple.ippb.lifecycle-process"
76-->[androidx.lifecycle:lifecycle-process:2.2.0] AndroidManifest.xml:27:13-69
77            android:exported="false"
77-->[androidx.lifecycle:lifecycle-process:2.2.0] AndroidManifest.xml:28:13-37
78            android:multiprocess="true" />
78-->[androidx.lifecycle:lifecycle-process:2.2.0] AndroidManifest.xml:29:13-40
79    </application>
80
81</manifest>